-----
seed = 0; initial permutation[]: [0, 1, 2, 3, 4, 5]
i=5 random m=0; new permutation[]: [5, 1, 2, 3, 4, 0]
i=4 random m=3; new permutation[]: [5, 1, 2, 4, 3, 0]
i=3 random m=0; new permutation[]: [4, 1, 2, 5, 3, 0]
i=2 random m=2; no change
i=1 random m=1; no change
-----
seed = 0; initial permutation[]: [0, 1, 2, 3, 4, 5]
i=5 random m=0; new permutation[]: [5, 1, 2, 3, 4, 0]
i=4 random m=3; new permutation[]: [5, 1, 2, 4, 3, 0]
... ...
-----
seed = 1; initial permutation[]: [0, 1, 2, 3, 4, 5]
i=5 random m=3; new permutation[]: [0, 1, 2, 5, 4, 3]
i=4 random m=3; new permutation[]: [0, 1, 2, 4, 5, 3]
i=3 random m=1; new permutation[]: [0, 4, 2, 1, 5, 3]
i=2 random m=0; new permutation[]: [2, 4, 0, 1, 5, 3]
i=1 random m=0; new permutation[]: [4, 2, 0, 1, 5, 3]
-----
